INFO 2025-04-28 18:02:26,560 autoreload 11189 134736343902016 Watching for file changes with StatReloader
WARNING 2025-04-28 18:02:32,858 log 11189 134736264558272 Not Found: /
WARNING 2025-04-28 18:02:32,862 basehttp 11189 134736264558272 "GET / HTTP/1.1" 404 2650
WARNING 2025-04-28 18:02:33,078 log 11189 134736264558272 Not Found: /favicon.ico
WARNING 2025-04-28 18:02:33,079 basehttp 11189 134736264558272 "GET /favicon.ico HTTP/1.1" 404 2701
INFO 2025-04-28 18:02:35,506 basehttp 11189 134736264558272 "GET /admin/ HTTP/1.1" 302 0
INFO 2025-04-28 18:02:35,839 basehttp 11189 134736264558272 "GET /admin/login/?next=/admin/ HTTP/1.1" 200 4181
INFO 2025-04-28 18:02:36,033 basehttp 11189 134736256165568 "GET /static/admin/js/theme.js HTTP/1.1" 200 1653
INFO 2025-04-28 18:02:36,040 basehttp 11189 134736246724288 "GET /static/admin/css/base.css HTTP/1.1" 200 22154
INFO 2025-04-28 18:02:36,041 basehttp 11189 134736264558272 "GET /static/admin/css/dark_mode.css HTTP/1.1" 200 2808
INFO 2025-04-28 18:02:36,072 basehttp 11189 134736256165568 "GET /static/admin/css/nav_sidebar.css HTTP/1.1" 200 2810
INFO 2025-04-28 18:02:36,073 basehttp 11189 134736246724288 "GET /static/admin/css/responsive.css HTTP/1.1" 200 16632
INFO 2025-04-28 18:02:36,128 basehttp 11189 134736264558272 "GET /static/admin/css/login.css HTTP/1.1" 200 951
INFO 2025-04-28 18:02:36,176 basehttp 11189 134736264558272 "GET /static/admin/js/nav_sidebar.js HTTP/1.1" 200 3063
INFO 2025-04-28 18:03:48,016 basehttp 11189 134736264558272 "POST /admin/login/?next=/admin/ HTTP/1.1" 302 0
INFO 2025-04-28 18:03:48,076 basehttp 11189 134736264558272 "GET /admin/ HTTP/1.1" 200 10664
INFO 2025-04-28 18:03:48,251 basehttp 11189 134736264558272 "GET /static/admin/css/dashboard.css HTTP/1.1" 200 441
INFO 2025-04-28 18:03:48,322 basehttp 11189 134736246724288 "GET /static/admin/img/icon-addlink.svg HTTP/1.1" 200 331
INFO 2025-04-28 18:03:48,325 basehttp 11189 134736264558272 "GET /static/admin/img/icon-changelink.svg HTTP/1.1" 200 380
INFO 2025-04-28 18:03:55,765 basehttp 11189 134736264558272 "GET /admin/base/property/ HTTP/1.1" 200 12916
INFO 2025-04-28 18:03:56,021 basehttp 11189 134736246724288 "GET /static/admin/css/changelists.css HTTP/1.1" 200 6878
INFO 2025-04-28 18:03:56,228 basehttp 11189 134736256165568 "GET /admin/jsi18n/ HTTP/1.1" 200 3342
INFO 2025-04-28 18:03:56,278 basehttp 11189 134736237283008 "GET /static/admin/js/core.js HTTP/1.1" 200 6208
INFO 2025-04-28 18:03:56,411 basehttp 11189 134736246724288 "GET /static/admin/js/jquery.init.js HTTP/1.1" 200 347
INFO 2025-04-28 18:03:56,412 basehttp 11189 134736228890304 "GET /static/admin/js/admin/RelatedObjectLookups.js HTTP/1.1" 200 9777
INFO 2025-04-28 18:03:56,483 basehttp 11189 134736246724288 "GET /static/admin/js/urlify.js HTTP/1.1" 200 7887
INFO 2025-04-28 18:03:56,500 basehttp 11189 134736264558272 "GET /static/admin/js/vendor/jquery/jquery.js HTTP/1.1" 200 285314
INFO 2025-04-28 18:03:56,507 basehttp 11189 134736228890304 "GET /static/admin/js/vendor/xregexp/xregexp.js HTTP/1.1" 200 325171
INFO 2025-04-28 18:03:56,528 basehttp 11189 134736264558272 "GET /static/admin/js/prepopulate.js HTTP/1.1" 200 1531
INFO 2025-04-28 18:03:56,557 basehttp 11189 134736237283008 "GET /static/admin/js/actions.js HTTP/1.1" 200 8076
INFO 2025-04-28 18:03:56,609 basehttp 11189 134736228890304 "GET /static/admin/js/filters.js HTTP/1.1" 200 978
INFO 2025-04-28 18:03:56,632 basehttp 11189 134736237283008 "GET /static/admin/img/search.svg HTTP/1.1" 200 458
INFO 2025-04-28 18:03:56,689 basehttp 11189 134736228890304 "GET /static/admin/img/icon-viewlink.svg HTTP/1.1" 200 581
INFO 2025-04-28 18:03:56,708 basehttp 11189 134736237283008 "GET /static/admin/img/tooltag-add.svg HTTP/1.1" 200 331
INFO 2025-04-28 18:03:59,004 basehttp 11189 134736228890304 "GET /admin/base/room/ HTTP/1.1" 200 10877
INFO 2025-04-28 18:03:59,061 basehttp 11189 134736228890304 "GET /admin/jsi18n/ HTTP/1.1" 200 3342
INFO 2025-04-28 18:04:01,054 basehttp 11189 134736228890304 "GET /admin/base/auction/ HTTP/1.1" 200 13835
INFO 2025-04-28 18:04:01,107 basehttp 11189 134736228890304 "GET /admin/jsi18n/ HTTP/1.1" 200 3342
INFO 2025-04-28 18:04:02,474 basehttp 11189 134736228890304 "GET /admin/base/bid/ HTTP/1.1" 200 13016
INFO 2025-04-28 18:04:02,538 basehttp 11189 134736228890304 "GET /admin/jsi18n/ HTTP/1.1" 200 3342
INFO 2025-04-28 18:04:03,671 basehttp 11189 134736228890304 "GET /admin/base/media/ HTTP/1.1" 200 12892
INFO 2025-04-28 18:04:03,733 basehttp 11189 134736228890304 "GET /admin/jsi18n/ HTTP/1.1" 200 3342
INFO 2025-04-28 23:25:45,809 autoreload 13734 131841911367488 Watching for file changes with StatReloader
WARNING 2025-04-28 23:29:22,180 log 13734 131841831990976 Not Found: /api/base/auctions/
WARNING 2025-04-28 23:29:22,180 basehttp 13734 131841831990976 "GET /api/base/auctions/? HTTP/1.1" 404 2722
WARNING 2025-04-28 23:30:23,484 log 13734 131841831990976 Not Found: /api/base/auctions/
WARNING 2025-04-28 23:30:23,485 basehttp 13734 131841831990976 "GET /api/base/auctions/? HTTP/1.1" 404 2722
WARNING 2025-04-28 23:31:04,301 log 13734 131841831990976 Not Found: /api/base/properties/
WARNING 2025-04-28 23:31:04,302 basehttp 13734 131841831990976 "GET /api/base/properties/? HTTP/1.1" 404 2728
WARNING 2025-04-28 23:31:09,378 log 13734 131841831990976 Not Found: /api/base/properties/
WARNING 2025-04-28 23:31:09,379 basehttp 13734 131841831990976 "GET /api/base/properties/? HTTP/1.1" 404 2728
WARNING 2025-04-28 23:31:18,457 log 13734 131841831990976 Not Found: /api/base/auctions/
WARNING 2025-04-28 23:31:18,457 basehttp 13734 131841831990976 "GET /api/base/auctions/? HTTP/1.1" 404 2722
WARNING 2025-04-28 23:31:25,937 log 13734 131841831990976 Not Found: /api/base/properties/
WARNING 2025-04-28 23:31:25,940 basehttp 13734 131841831990976 "GET /api/base/properties/? HTTP/1.1" 404 2728
WARNING 2025-04-28 23:31:26,735 log 13734 131841831990976 Not Found: /api/base/auctions/
WARNING 2025-04-28 23:31:26,736 basehttp 13734 131841831990976 "GET /api/base/auctions/? HTTP/1.1" 404 2722
WARNING 2025-04-28 23:31:27,619 log 13734 131841831990976 Not Found: /api/base/properties/
WARNING 2025-04-28 23:31:27,621 basehttp 13734 131841831990976 "GET /api/base/properties/? HTTP/1.1" 404 2728
WARNING 2025-04-28 23:31:28,374 log 13734 131841831990976 Not Found: /api/base/auctions/
WARNING 2025-04-28 23:31:28,375 basehttp 13734 131841831990976 "GET /api/base/auctions/? HTTP/1.1" 404 2722
WARNING 2025-04-28 23:35:17,732 log 13734 131841831990976 Not Found: /api/base/properties/
WARNING 2025-04-28 23:35:17,732 basehttp 13734 131841831990976 "GET /api/base/properties/? HTTP/1.1" 404 2728
WARNING 2025-04-28 23:35:18,505 log 13734 131841831990976 Not Found: /api/base/auctions/
WARNING 2025-04-28 23:35:18,506 basehttp 13734 131841831990976 "GET /api/base/auctions/? HTTP/1.1" 404 2722
WARNING 2025-04-28 23:35:19,366 log 13734 131841831990976 Not Found: /api/base/properties/
WARNING 2025-04-28 23:35:19,367 basehttp 13734 131841831990976 "GET /api/base/properties/? HTTP/1.1" 404 2728
WARNING 2025-04-28 23:35:20,327 log 13734 131841831990976 Not Found: /api/base/auctions/
WARNING 2025-04-28 23:35:20,328 basehttp 13734 131841831990976 "GET /api/base/auctions/? HTTP/1.1" 404 2722
WARNING 2025-04-28 23:39:22,645 log 13734 131841831990976 Not Found: /api/base/auctions/
WARNING 2025-04-28 23:39:22,646 basehttp 13734 131841831990976 "GET /api/base/auctions/? HTTP/1.1" 404 2722
WARNING 2025-04-28 23:40:28,971 log 13734 131841831990976 Not Found: /api/base/auctions/
WARNING 2025-04-28 23:40:28,972 basehttp 13734 131841831990976 "GET /api/base/auctions/? HTTP/1.1" 404 2722
INFO 2025-04-28 23:46:30,969 autoreload 13734 131841911367488 /home/ahmed/tech-Savvy-projects/2025/new_ones/auctions/back/back/settings.py changed, reloading.
INFO 2025-04-28 23:47:22,301 autoreload 15376 135996126000960 Watching for file changes with StatReloader
WARNING 2025-04-28 23:47:25,488 log 15376 135995978675904 Not Found: /api/base/auctions/
WARNING 2025-04-28 23:47:25,488 basehttp 15376 135995978675904 "GET /api/base/auctions/? HTTP/1.1" 404 2722
WARNING 2025-04-28 23:47:27,321 log 15376 135995978675904 Not Found: /api/base/auctions/
WARNING 2025-04-28 23:47:27,321 basehttp 15376 135995978675904 "GET /api/base/auctions/? HTTP/1.1" 404 2722
WARNING 2025-04-28 23:47:28,543 log 15376 135995978675904 Not Found: /api/base/properties/
WARNING 2025-04-28 23:47:28,544 basehttp 15376 135995978675904 "GET /api/base/properties/? HTTP/1.1" 404 2728
WARNING 2025-04-28 23:47:29,587 log 15376 135995978675904 Not Found: /api/base/auctions/
WARNING 2025-04-28 23:47:29,589 basehttp 15376 135995978675904 "GET /api/base/auctions/? HTTP/1.1" 404 2722
WARNING 2025-04-28 23:47:30,985 log 15376 135995978675904 Not Found: /api/base/auctions/
WARNING 2025-04-28 23:47:30,986 basehttp 15376 135995978675904 "GET /api/base/auctions/? HTTP/1.1" 404 2722
WARNING 2025-04-28 23:48:35,555 log 15376 135995978675904 Not Found: /api/base/auctions/
WARNING 2025-04-28 23:48:35,556 basehttp 15376 135995978675904 "GET /api/base/auctions/? HTTP/1.1" 404 2722
WARNING 2025-04-28 23:48:50,352 log 15376 135995978675904 Not Found: /api/base/auctions/
WARNING 2025-04-28 23:48:50,352 basehttp 15376 135995978675904 "GET /api/base/auctions/? HTTP/1.1" 404 2722
INFO 2025-04-28 23:51:06,577 autoreload 15376 135996126000960 /home/ahmed/tech-Savvy-projects/2025/new_ones/auctions/back/back/urls.py changed, reloading.
INFO 2025-04-28 23:51:07,326 autoreload 15625 136650499815232 Watching for file changes with StatReloader
WARNING 2025-04-28 23:51:15,019 log 15625 136650351965888 Not Found: /api/base/auctions/
WARNING 2025-04-28 23:51:15,020 basehttp 15625 136650351965888 "GET /api/base/auctions/? HTTP/1.1" 404 6103
INFO 2025-04-28 23:51:28,425 autoreload 15625 136650499815232 /home/ahmed/tech-Savvy-projects/2025/new_ones/auctions/back/back/urls.py changed, reloading.
INFO 2025-04-28 23:51:28,940 autoreload 15654 127885096601408 Watching for file changes with StatReloader
WARNING 2025-04-28 23:51:32,845 log 15654 127885017872064 Not Found: /api/base/auctions/
WARNING 2025-04-28 23:51:32,854 basehttp 15654 127885017872064 "GET /api/base/auctions/? HTTP/1.1" 404 6103
ERROR 2025-04-28 23:52:09,236 log 15654 127885017872064 Internal Server Error: /api/auctions/
Traceback (most recent call last):
  File "/home/ahmed/tech-Savvy-projects/2025/new_ones/newprojects/lib/python3.12/site-packages/django/core/handlers/exception.py", line 55, in inner
    response = get_response(request)
               ^^^^^^^^^^^^^^^^^^^^^
  File "/home/ahmed/tech-Savvy-projects/2025/new_ones/newprojects/lib/python3.12/site-packages/django/core/handlers/base.py", line 197, in _get_response
    response = wrapped_callback(request, *callback_args, **callback_kwargs)
               ^^^^^^^^^^^^^^^^^^^^^^^^^^^^^^^^^^^^^^^^^^^^^^^^^^^^^^^^^^^^
  File "/home/ahmed/tech-Savvy-projects/2025/new_ones/newprojects/lib/python3.12/site-packages/django/views/decorators/csrf.py", line 65, in _view_wrapper
    return view_func(request, *args, **kwargs)
           ^^^^^^^^^^^^^^^^^^^^^^^^^^^^^^^^^^^
  File "/home/ahmed/tech-Savvy-projects/2025/new_ones/newprojects/lib/python3.12/site-packages/django/views/generic/base.py", line 104, in view
    return self.dispatch(request, *args, **kwargs)
           ^^^^^^^^^^^^^^^^^^^^^^^^^^^^^^^^^^^^^^^
  File "/home/ahmed/tech-Savvy-projects/2025/new_ones/newprojects/lib/python3.12/site-packages/rest_framework/views.py", line 515, in dispatch
    response = self.handle_exception(exc)
               ^^^^^^^^^^^^^^^^^^^^^^^^^^
  File "/home/ahmed/tech-Savvy-projects/2025/new_ones/newprojects/lib/python3.12/site-packages/rest_framework/views.py", line 475, in handle_exception
    self.raise_uncaught_exception(exc)
  File "/home/ahmed/tech-Savvy-projects/2025/new_ones/newprojects/lib/python3.12/site-packages/rest_framework/views.py", line 486, in raise_uncaught_exception
    raise exc
  File "/home/ahmed/tech-Savvy-projects/2025/new_ones/newprojects/lib/python3.12/site-packages/rest_framework/views.py", line 503, in dispatch
    self.initial(request, *args, **kwargs)
  File "/home/ahmed/tech-Savvy-projects/2025/new_ones/newprojects/lib/python3.12/site-packages/rest_framework/views.py", line 421, in initial
    self.check_permissions(request)
  File "/home/ahmed/tech-Savvy-projects/2025/new_ones/newprojects/lib/python3.12/site-packages/rest_framework/views.py", line 338, in check_permissions
    if not permission.has_permission(request, self):
           ^^^^^^^^^^^^^^^^^^^^^^^^^^^^^^^^^^^^^^^^
  File "/home/ahmed/tech-Savvy-projects/2025/new_ones/auctions/back/accounts/permissions.py", line 31, in has_permission
    return request.user and request.user.is_verified
                            ^^^^^^^^^^^^^^^^^^^^^^^^
AttributeError: 'AnonymousUser' object has no attribute 'is_verified'
ERROR 2025-04-28 23:52:09,250 basehttp 15654 127885017872064 "GET /api/auctions/? HTTP/1.1" 500 109641
ERROR 2025-04-28 23:52:12,396 log 15654 127885017872064 Internal Server Error: /api/auctions/
Traceback (most recent call last):
  File "/home/ahmed/tech-Savvy-projects/2025/new_ones/newprojects/lib/python3.12/site-packages/django/core/handlers/exception.py", line 55, in inner
    response = get_response(request)
               ^^^^^^^^^^^^^^^^^^^^^
  File "/home/ahmed/tech-Savvy-projects/2025/new_ones/newprojects/lib/python3.12/site-packages/django/core/handlers/base.py", line 197, in _get_response
    response = wrapped_callback(request, *callback_args, **callback_kwargs)
               ^^^^^^^^^^^^^^^^^^^^^^^^^^^^^^^^^^^^^^^^^^^^^^^^^^^^^^^^^^^^
  File "/home/ahmed/tech-Savvy-projects/2025/new_ones/newprojects/lib/python3.12/site-packages/django/views/decorators/csrf.py", line 65, in _view_wrapper
    return view_func(request, *args, **kwargs)
           ^^^^^^^^^^^^^^^^^^^^^^^^^^^^^^^^^^^
  File "/home/ahmed/tech-Savvy-projects/2025/new_ones/newprojects/lib/python3.12/site-packages/django/views/generic/base.py", line 104, in view
    return self.dispatch(request, *args, **kwargs)
           ^^^^^^^^^^^^^^^^^^^^^^^^^^^^^^^^^^^^^^^
  File "/home/ahmed/tech-Savvy-projects/2025/new_ones/newprojects/lib/python3.12/site-packages/rest_framework/views.py", line 515, in dispatch
    response = self.handle_exception(exc)
               ^^^^^^^^^^^^^^^^^^^^^^^^^^
  File "/home/ahmed/tech-Savvy-projects/2025/new_ones/newprojects/lib/python3.12/site-packages/rest_framework/views.py", line 475, in handle_exception
    self.raise_uncaught_exception(exc)
  File "/home/ahmed/tech-Savvy-projects/2025/new_ones/newprojects/lib/python3.12/site-packages/rest_framework/views.py", line 486, in raise_uncaught_exception
    raise exc
  File "/home/ahmed/tech-Savvy-projects/2025/new_ones/newprojects/lib/python3.12/site-packages/rest_framework/views.py", line 503, in dispatch
    self.initial(request, *args, **kwargs)
  File "/home/ahmed/tech-Savvy-projects/2025/new_ones/newprojects/lib/python3.12/site-packages/rest_framework/views.py", line 421, in initial
    self.check_permissions(request)
  File "/home/ahmed/tech-Savvy-projects/2025/new_ones/newprojects/lib/python3.12/site-packages/rest_framework/views.py", line 338, in check_permissions
    if not permission.has_permission(request, self):
           ^^^^^^^^^^^^^^^^^^^^^^^^^^^^^^^^^^^^^^^^
  File "/home/ahmed/tech-Savvy-projects/2025/new_ones/auctions/back/accounts/permissions.py", line 31, in has_permission
    return request.user and request.user.is_verified
                            ^^^^^^^^^^^^^^^^^^^^^^^^
AttributeError: 'AnonymousUser' object has no attribute 'is_verified'
ERROR 2025-04-28 23:52:12,402 basehttp 15654 127885017872064 "GET /api/auctions/? HTTP/1.1" 500 109641
ERROR 2025-04-28 23:52:15,125 log 15654 127885017872064 Internal Server Error: /api/auctions/
Traceback (most recent call last):
  File "/home/ahmed/tech-Savvy-projects/2025/new_ones/newprojects/lib/python3.12/site-packages/django/core/handlers/exception.py", line 55, in inner
    response = get_response(request)
               ^^^^^^^^^^^^^^^^^^^^^
  File "/home/ahmed/tech-Savvy-projects/2025/new_ones/newprojects/lib/python3.12/site-packages/django/core/handlers/base.py", line 197, in _get_response
    response = wrapped_callback(request, *callback_args, **callback_kwargs)
               ^^^^^^^^^^^^^^^^^^^^^^^^^^^^^^^^^^^^^^^^^^^^^^^^^^^^^^^^^^^^
  File "/home/ahmed/tech-Savvy-projects/2025/new_ones/newprojects/lib/python3.12/site-packages/django/views/decorators/csrf.py", line 65, in _view_wrapper
    return view_func(request, *args, **kwargs)
           ^^^^^^^^^^^^^^^^^^^^^^^^^^^^^^^^^^^
  File "/home/ahmed/tech-Savvy-projects/2025/new_ones/newprojects/lib/python3.12/site-packages/django/views/generic/base.py", line 104, in view
    return self.dispatch(request, *args, **kwargs)
           ^^^^^^^^^^^^^^^^^^^^^^^^^^^^^^^^^^^^^^^
  File "/home/ahmed/tech-Savvy-projects/2025/new_ones/newprojects/lib/python3.12/site-packages/rest_framework/views.py", line 515, in dispatch
    response = self.handle_exception(exc)
               ^^^^^^^^^^^^^^^^^^^^^^^^^^
  File "/home/ahmed/tech-Savvy-projects/2025/new_ones/newprojects/lib/python3.12/site-packages/rest_framework/views.py", line 475, in handle_exception
    self.raise_uncaught_exception(exc)
  File "/home/ahmed/tech-Savvy-projects/2025/new_ones/newprojects/lib/python3.12/site-packages/rest_framework/views.py", line 486, in raise_uncaught_exception
    raise exc
  File "/home/ahmed/tech-Savvy-projects/2025/new_ones/newprojects/lib/python3.12/site-packages/rest_framework/views.py", line 503, in dispatch
    self.initial(request, *args, **kwargs)
  File "/home/ahmed/tech-Savvy-projects/2025/new_ones/newprojects/lib/python3.12/site-packages/rest_framework/views.py", line 421, in initial
    self.check_permissions(request)
  File "/home/ahmed/tech-Savvy-projects/2025/new_ones/newprojects/lib/python3.12/site-packages/rest_framework/views.py", line 338, in check_permissions
    if not permission.has_permission(request, self):
           ^^^^^^^^^^^^^^^^^^^^^^^^^^^^^^^^^^^^^^^^
  File "/home/ahmed/tech-Savvy-projects/2025/new_ones/auctions/back/accounts/permissions.py", line 31, in has_permission
    return request.user and request.user.is_verified
                            ^^^^^^^^^^^^^^^^^^^^^^^^
AttributeError: 'AnonymousUser' object has no attribute 'is_verified'
ERROR 2025-04-28 23:52:15,132 basehttp 15654 127885017872064 "GET /api/auctions/? HTTP/1.1" 500 109641
ERROR 2025-04-28 23:52:34,449 log 15654 127885017872064 Internal Server Error: /api/auctions/
Traceback (most recent call last):
  File "/home/ahmed/tech-Savvy-projects/2025/new_ones/newprojects/lib/python3.12/site-packages/django/core/handlers/exception.py", line 55, in inner
    response = get_response(request)
               ^^^^^^^^^^^^^^^^^^^^^
  File "/home/ahmed/tech-Savvy-projects/2025/new_ones/newprojects/lib/python3.12/site-packages/django/core/handlers/base.py", line 197, in _get_response
    response = wrapped_callback(request, *callback_args, **callback_kwargs)
               ^^^^^^^^^^^^^^^^^^^^^^^^^^^^^^^^^^^^^^^^^^^^^^^^^^^^^^^^^^^^
  File "/home/ahmed/tech-Savvy-projects/2025/new_ones/newprojects/lib/python3.12/site-packages/django/views/decorators/csrf.py", line 65, in _view_wrapper
    return view_func(request, *args, **kwargs)
           ^^^^^^^^^^^^^^^^^^^^^^^^^^^^^^^^^^^
  File "/home/ahmed/tech-Savvy-projects/2025/new_ones/newprojects/lib/python3.12/site-packages/django/views/generic/base.py", line 104, in view
    return self.dispatch(request, *args, **kwargs)
           ^^^^^^^^^^^^^^^^^^^^^^^^^^^^^^^^^^^^^^^
  File "/home/ahmed/tech-Savvy-projects/2025/new_ones/newprojects/lib/python3.12/site-packages/rest_framework/views.py", line 515, in dispatch
    response = self.handle_exception(exc)
               ^^^^^^^^^^^^^^^^^^^^^^^^^^
  File "/home/ahmed/tech-Savvy-projects/2025/new_ones/newprojects/lib/python3.12/site-packages/rest_framework/views.py", line 475, in handle_exception
    self.raise_uncaught_exception(exc)
  File "/home/ahmed/tech-Savvy-projects/2025/new_ones/newprojects/lib/python3.12/site-packages/rest_framework/views.py", line 486, in raise_uncaught_exception
    raise exc
  File "/home/ahmed/tech-Savvy-projects/2025/new_ones/newprojects/lib/python3.12/site-packages/rest_framework/views.py", line 503, in dispatch
    self.initial(request, *args, **kwargs)
  File "/home/ahmed/tech-Savvy-projects/2025/new_ones/newprojects/lib/python3.12/site-packages/rest_framework/views.py", line 421, in initial
    self.check_permissions(request)
  File "/home/ahmed/tech-Savvy-projects/2025/new_ones/newprojects/lib/python3.12/site-packages/rest_framework/views.py", line 338, in check_permissions
    if not permission.has_permission(request, self):
           ^^^^^^^^^^^^^^^^^^^^^^^^^^^^^^^^^^^^^^^^
  File "/home/ahmed/tech-Savvy-projects/2025/new_ones/auctions/back/accounts/permissions.py", line 31, in has_permission
    return request.user and request.user.is_verified
                            ^^^^^^^^^^^^^^^^^^^^^^^^
AttributeError: 'AnonymousUser' object has no attribute 'is_verified'
ERROR 2025-04-28 23:52:34,452 basehttp 15654 127885017872064 "GET /api/auctions/? HTTP/1.1" 500 109641
INFO 2025-04-28 23:54:09,018 autoreload 15654 127885096601408 /home/ahmed/tech-Savvy-projects/2025/new_ones/auctions/back/accounts/permissions.py changed, reloading.
INFO 2025-04-28 23:54:09,779 autoreload 15934 129447010019136 Watching for file changes with StatReloader
INFO 2025-04-28 23:54:11,263 autoreload 15934 129447010019136 /home/ahmed/tech-Savvy-projects/2025/new_ones/auctions/back/accounts/permissions.py changed, reloading.
INFO 2025-04-28 23:54:12,476 autoreload 15947 131984032823104 Watching for file changes with StatReloader
ERROR 2025-04-28 23:54:13,407 log 15947 131983952836288 Internal Server Error: /api/auctions/
Traceback (most recent call last):
  File "/home/ahmed/tech-Savvy-projects/2025/new_ones/newprojects/lib/python3.12/site-packages/django/core/handlers/exception.py", line 55, in inner
    response = get_response(request)
               ^^^^^^^^^^^^^^^^^^^^^
  File "/home/ahmed/tech-Savvy-projects/2025/new_ones/newprojects/lib/python3.12/site-packages/django/core/handlers/base.py", line 197, in _get_response
    response = wrapped_callback(request, *callback_args, **callback_kwargs)
               ^^^^^^^^^^^^^^^^^^^^^^^^^^^^^^^^^^^^^^^^^^^^^^^^^^^^^^^^^^^^
  File "/home/ahmed/tech-Savvy-projects/2025/new_ones/newprojects/lib/python3.12/site-packages/django/views/decorators/csrf.py", line 65, in _view_wrapper
    return view_func(request, *args, **kwargs)
           ^^^^^^^^^^^^^^^^^^^^^^^^^^^^^^^^^^^
  File "/home/ahmed/tech-Savvy-projects/2025/new_ones/newprojects/lib/python3.12/site-packages/django/views/generic/base.py", line 104, in view
    return self.dispatch(request, *args, **kwargs)
           ^^^^^^^^^^^^^^^^^^^^^^^^^^^^^^^^^^^^^^^
  File "/home/ahmed/tech-Savvy-projects/2025/new_ones/newprojects/lib/python3.12/site-packages/rest_framework/views.py", line 515, in dispatch
    response = self.handle_exception(exc)
               ^^^^^^^^^^^^^^^^^^^^^^^^^^
  File "/home/ahmed/tech-Savvy-projects/2025/new_ones/newprojects/lib/python3.12/site-packages/rest_framework/views.py", line 475, in handle_exception
    self.raise_uncaught_exception(exc)
  File "/home/ahmed/tech-Savvy-projects/2025/new_ones/newprojects/lib/python3.12/site-packages/rest_framework/views.py", line 486, in raise_uncaught_exception
    raise exc
  File "/home/ahmed/tech-Savvy-projects/2025/new_ones/newprojects/lib/python3.12/site-packages/rest_framework/views.py", line 503, in dispatch
    self.initial(request, *args, **kwargs)
  File "/home/ahmed/tech-Savvy-projects/2025/new_ones/newprojects/lib/python3.12/site-packages/rest_framework/views.py", line 421, in initial
    self.check_permissions(request)
  File "/home/ahmed/tech-Savvy-projects/2025/new_ones/newprojects/lib/python3.12/site-packages/rest_framework/views.py", line 338, in check_permissions
    if not permission.has_permission(request, self):
           ^^^^^^^^^^^^^^^^^^^^^^^^^^^^^^^^^^^^^^^^
  File "/home/ahmed/tech-Savvy-projects/2025/new_ones/auctions/back/accounts/permissions.py", line 39, in has_permission
    return request.user and request.user.is_verified
                            ^^^^^^^^^^^^^^^^^^^^^^^^
AttributeError: 'AnonymousUser' object has no attribute 'is_verified'
ERROR 2025-04-28 23:54:13,414 basehttp 15947 131983952836288 "GET /api/auctions/? HTTP/1.1" 500 109641
INFO 2025-04-28 23:54:45,648 autoreload 15947 131984032823104 /home/ahmed/tech-Savvy-projects/2025/new_ones/auctions/back/accounts/permissions.py changed, reloading.
INFO 2025-04-28 23:54:46,567 autoreload 15988 135604889704256 Watching for file changes with StatReloader
WARNING 2025-04-28 23:55:01,474 log 15988 135604733998784 Unauthorized: /api/auctions/
WARNING 2025-04-28 23:55:01,475 basehttp 15988 135604733998784 "GET /api/auctions/? HTTP/1.1" 401 58
WARNING 2025-04-28 23:55:10,474 log 15988 135604733998784 Unauthorized: /api/properties/
WARNING 2025-04-28 23:55:10,475 basehttp 15988 135604733998784 "GET /api/properties/? HTTP/1.1" 401 58
WARNING 2025-04-28 23:55:26,521 log 15988 135604733998784 Unauthorized: /api/auctions/
WARNING 2025-04-28 23:55:26,530 basehttp 15988 135604733998784 "GET /api/auctions/? HTTP/1.1" 401 58
INFO 2025-04-28 23:56:19,307 autoreload 15988 135604889704256 /home/ahmed/tech-Savvy-projects/2025/new_ones/auctions/back/base/views.py changed, reloading.
INFO 2025-04-28 23:56:20,031 autoreload 16081 124031988954944 Watching for file changes with StatReloader
INFO 2025-04-28 23:56:36,718 autoreload 16081 124031988954944 /home/ahmed/tech-Savvy-projects/2025/new_ones/auctions/back/base/views.py changed, reloading.
INFO 2025-04-28 23:56:37,524 autoreload 16107 133617142527808 Watching for file changes with StatReloader
INFO 2025-04-28 23:56:39,826 autoreload 16107 133617142527808 /home/ahmed/tech-Savvy-projects/2025/new_ones/auctions/back/base/views.py changed, reloading.
INFO 2025-04-28 23:56:40,374 autoreload 16113 125132595304256 Watching for file changes with StatReloader
INFO 2025-04-28 23:56:44,953 autoreload 16113 125132595304256 /home/ahmed/tech-Savvy-projects/2025/new_ones/auctions/back/base/views.py changed, reloading.
INFO 2025-04-28 23:56:46,435 autoreload 16120 129708552271680 Watching for file changes with StatReloader
INFO 2025-04-28 23:56:53,861 autoreload 16120 129708552271680 /home/ahmed/tech-Savvy-projects/2025/new_ones/auctions/back/base/views.py changed, reloading.
INFO 2025-04-28 23:56:54,640 autoreload 16126 133725826635584 Watching for file changes with StatReloader
INFO 2025-04-28 23:56:58,955 autoreload 16126 133725826635584 /home/ahmed/tech-Savvy-projects/2025/new_ones/auctions/back/base/views.py changed, reloading.
INFO 2025-04-28 23:56:59,964 autoreload 16151 136385478969152 Watching for file changes with StatReloader
INFO 2025-04-28 23:57:01,583 autoreload 16151 136385478969152 /home/ahmed/tech-Savvy-projects/2025/new_ones/auctions/back/base/views.py changed, reloading.
INFO 2025-04-28 23:57:02,181 autoreload 16153 135359317542720 Watching for file changes with StatReloader
INFO 2025-04-28 23:57:03,708 basehttp 16153 135359238239936 "GET /api/auctions/? HTTP/1.1" 200 52
WARNING 2025-04-28 23:57:06,451 log 16153 135359238239936 Unauthorized: /api/properties/
WARNING 2025-04-28 23:57:06,453 basehttp 16153 135359238239936 "GET /api/properties/? HTTP/1.1" 401 58
INFO 2025-04-28 23:57:10,476 basehttp 16153 135359238239936 "GET /api/auctions/? HTTP/1.1" 200 52
WARNING 2025-04-28 23:57:16,020 log 16153 135359238239936 Unauthorized: /api/properties/
WARNING 2025-04-28 23:57:16,021 basehttp 16153 135359238239936 "GET /api/properties/? HTTP/1.1" 401 58
INFO 2025-04-28 23:57:18,826 basehttp 16153 135359238239936 "GET /api/auctions/? HTTP/1.1" 200 52
INFO 2025-04-28 23:58:43,828 basehttp 16153 135359238239936 "GET /api/auctions/? HTTP/1.1" 200 52
WARNING 2025-04-28 23:58:53,767 log 16153 135359238239936 Unauthorized: /api/properties/
WARNING 2025-04-28 23:58:53,767 basehttp 16153 135359238239936 "GET /api/properties/? HTTP/1.1" 401 58
INFO 2025-04-28 23:58:55,485 basehttp 16153 135359238239936 "GET /api/auctions/? HTTP/1.1" 200 52
WARNING 2025-04-28 23:58:56,655 log 16153 135359238239936 Unauthorized: /api/properties/
WARNING 2025-04-28 23:58:56,656 basehttp 16153 135359238239936 "GET /api/properties/? HTTP/1.1" 401 58
INFO 2025-04-28 23:58:57,715 basehttp 16153 135359238239936 "GET /api/auctions/? HTTP/1.1" 200 52
WARNING 2025-04-28 23:58:58,432 log 16153 135359238239936 Unauthorized: /api/properties/
WARNING 2025-04-28 23:58:58,432 basehttp 16153 135359238239936 "GET /api/properties/? HTTP/1.1" 401 58
INFO 2025-04-28 23:58:58,955 basehttp 16153 135359238239936 "GET /api/auctions/? HTTP/1.1" 200 52
INFO 2025-04-28 23:59:56,954 basehttp 16153 135359238239936 "OPTIONS /api/accounts/register/ HTTP/1.1" 200 0
INFO 2025-04-28 23:59:57,954 serializers 16153 135359238239936 User 'rings9619@gmail.com' created successfully
ERROR 2025-04-28 23:59:58,003 utils 16153 135359238239936 Failed to send verification email to rings9619@gmail.com: emails/verification_email.html
Traceback (most recent call last):
  File "/home/ahmed/tech-Savvy-projects/2025/new_ones/auctions/back/accounts/utils.py", line 127, in send_email
    html_message = render_to_string(html_template, context)
                   ^^^^^^^^^^^^^^^^^^^^^^^^^^^^^^^^^^^^^^^^
  File "/home/ahmed/tech-Savvy-projects/2025/new_ones/newprojects/lib/python3.12/site-packages/django/template/loader.py", line 61, in render_to_string
    template = get_template(template_name, using=using)
               ^^^^^^^^^^^^^^^^^^^^^^^^^^^^^^^^^^^^^^^^
  File "/home/ahmed/tech-Savvy-projects/2025/new_ones/newprojects/lib/python3.12/site-packages/django/template/loader.py", line 19, in get_template
    raise TemplateDoesNotExist(template_name, chain=chain)
django.template.exceptions.TemplateDoesNotExist: emails/verification_email.html
ERROR 2025-04-28 23:59:58,020 views 16153 135359238239936 Failed to send verification email: emails/verification_email.html
Traceback (most recent call last):
  File "/home/ahmed/tech-Savvy-projects/2025/new_ones/auctions/back/accounts/views.py", line 70, in post
    send_verification_email(user.email, verification_code, context)
  File "/home/ahmed/tech-Savvy-projects/2025/new_ones/auctions/back/accounts/utils.py", line 183, in send_verification_email
    send_email(
  File "/home/ahmed/tech-Savvy-projects/2025/new_ones/auctions/back/accounts/utils.py", line 127, in send_email
    html_message = render_to_string(html_template, context)
                   ^^^^^^^^^^^^^^^^^^^^^^^^^^^^^^^^^^^^^^^^
  File "/home/ahmed/tech-Savvy-projects/2025/new_ones/newprojects/lib/python3.12/site-packages/django/template/loader.py", line 61, in render_to_string
    template = get_template(template_name, using=using)
               ^^^^^^^^^^^^^^^^^^^^^^^^^^^^^^^^^^^^^^^^
  File "/home/ahmed/tech-Savvy-projects/2025/new_ones/newprojects/lib/python3.12/site-packages/django/template/loader.py", line 19, in get_template
    raise TemplateDoesNotExist(template_name, chain=chain)
django.template.exceptions.TemplateDoesNotExist: emails/verification_email.html
INFO 2025-04-28 23:59:58,115 basehttp 16153 135359238239936 "POST /api/accounts/register/ HTTP/1.1" 201 160
INFO 2025-04-29 00:00:44,383 basehttp 16153 135359227221696 "GET /admin/ HTTP/1.1" 200 10664
WARNING 2025-04-29 00:00:44,748 log 16153 135359227221696 Not Found: /favicon.ico
WARNING 2025-04-29 00:00:44,749 basehttp 16153 135359227221696 "GET /favicon.ico HTTP/1.1" 404 2848
INFO 2025-04-29 00:00:47,178 basehttp 16153 135359227221696 "GET /admin/accounts/customuser/ HTTP/1.1" 200 18308
INFO 2025-04-29 00:00:47,485 basehttp 16153 135359227221696 "GET /admin/jsi18n/ HTTP/1.1" 200 3342
INFO 2025-04-29 00:00:48,011 basehttp 16153 135359217780416 "GET /static/admin/img/icon-yes.svg HTTP/1.1" 200 436
INFO 2025-04-29 00:00:48,011 basehttp 16153 135359209387712 "GET /static/admin/img/sorting-icons.svg HTTP/1.1" 200 1097
INFO 2025-04-29 00:00:48,021 basehttp 16153 135359227221696 "GET /static/admin/img/icon-no.svg HTTP/1.1" 200 560
INFO 2025-04-29 00:00:53,214 basehttp 16153 135359227221696 "POST /admin/accounts/customuser/ HTTP/1.1" 200 11240
INFO 2025-04-29 00:00:53,308 basehttp 16153 135359227221696 "GET /static/admin/js/cancel.js HTTP/1.1" 200 884
INFO 2025-04-29 00:00:54,441 basehttp 16153 135359227221696 "POST /admin/accounts/customuser/ HTTP/1.1" 302 0
INFO 2025-04-29 00:00:54,468 basehttp 16153 135359227221696 "GET /admin/accounts/customuser/ HTTP/1.1" 200 17732
INFO 2025-04-29 00:00:54,543 basehttp 16153 135359227221696 "GET /admin/jsi18n/ HTTP/1.1" 200 3342
INFO 2025-04-29 00:01:21,101 serializers 16153 135359238239936 User 'rings9619@gmail.com' created successfully
ERROR 2025-04-29 00:01:21,102 utils 16153 135359238239936 Failed to send verification email to rings9619@gmail.com: emails/verification_email.html
Traceback (most recent call last):
  File "/home/ahmed/tech-Savvy-projects/2025/new_ones/auctions/back/accounts/utils.py", line 127, in send_email
    html_message = render_to_string(html_template, context)
                   ^^^^^^^^^^^^^^^^^^^^^^^^^^^^^^^^^^^^^^^^
  File "/home/ahmed/tech-Savvy-projects/2025/new_ones/newprojects/lib/python3.12/site-packages/django/template/loader.py", line 61, in render_to_string
    template = get_template(template_name, using=using)
               ^^^^^^^^^^^^^^^^^^^^^^^^^^^^^^^^^^^^^^^^
  File "/home/ahmed/tech-Savvy-projects/2025/new_ones/newprojects/lib/python3.12/site-packages/django/template/loader.py", line 19, in get_template
    raise TemplateDoesNotExist(template_name, chain=chain)
django.template.exceptions.TemplateDoesNotExist: emails/verification_email.html
ERROR 2025-04-29 00:01:21,102 views 16153 135359238239936 Failed to send verification email: emails/verification_email.html
Traceback (most recent call last):
  File "/home/ahmed/tech-Savvy-projects/2025/new_ones/auctions/back/accounts/views.py", line 70, in post
    send_verification_email(user.email, verification_code, context)
  File "/home/ahmed/tech-Savvy-projects/2025/new_ones/auctions/back/accounts/utils.py", line 183, in send_verification_email
    send_email(
  File "/home/ahmed/tech-Savvy-projects/2025/new_ones/auctions/back/accounts/utils.py", line 127, in send_email
    html_message = render_to_string(html_template, context)
                   ^^^^^^^^^^^^^^^^^^^^^^^^^^^^^^^^^^^^^^^^
  File "/home/ahmed/tech-Savvy-projects/2025/new_ones/newprojects/lib/python3.12/site-packages/django/template/loader.py", line 61, in render_to_string
    template = get_template(template_name, using=using)
               ^^^^^^^^^^^^^^^^^^^^^^^^^^^^^^^^^^^^^^^^
  File "/home/ahmed/tech-Savvy-projects/2025/new_ones/newprojects/lib/python3.12/site-packages/django/template/loader.py", line 19, in get_template
    raise TemplateDoesNotExist(template_name, chain=chain)
django.template.exceptions.TemplateDoesNotExist: emails/verification_email.html
INFO 2025-04-29 00:01:21,299 basehttp 16153 135359238239936 "POST /api/accounts/register/ HTTP/1.1" 201 160
INFO 2025-04-29 00:02:23,791 basehttp 16153 135359227221696 "GET /admin/ HTTP/1.1" 200 11012
INFO 2025-04-29 00:02:23,921 basehttp 16153 135359227221696 "GET /static/admin/img/icon-deletelink.svg HTTP/1.1" 200 392
INFO 2025-04-29 00:02:26,059 basehttp 16153 135359227221696 "GET /admin/accounts/customuser/ HTTP/1.1" 200 18308
INFO 2025-04-29 00:02:26,109 basehttp 16153 135359227221696 "GET /admin/jsi18n/ HTTP/1.1" 200 3342
INFO 2025-04-29 00:04:10,227 autoreload 16153 135359317542720 /home/ahmed/tech-Savvy-projects/2025/new_ones/auctions/back/back/settings.py changed, reloading.
INFO 2025-04-29 00:04:23,363 autoreload 16748 132779408992064 Watching for file changes with StatReloader
INFO 2025-04-29 00:04:30,345 basehttp 16748 132779330238144 "POST /admin/accounts/customuser/ HTTP/1.1" 200 11240
INFO 2025-04-29 00:04:31,824 basehttp 16748 132779330238144 "POST /admin/accounts/customuser/ HTTP/1.1" 302 0
INFO 2025-04-29 00:04:31,870 basehttp 16748 132779330238144 "GET /admin/accounts/customuser/ HTTP/1.1" 200 17732
INFO 2025-04-29 00:04:31,962 basehttp 16748 132779330238144 "GET /admin/jsi18n/ HTTP/1.1" 200 3342
INFO 2025-04-29 00:07:10,061 basehttp 16748 132779249497792 "GET /api/auctions/? HTTP/1.1" 200 52
INFO 2025-04-29 00:07:20,553 basehttp 16748 132779249497792 "GET /api/auctions/? HTTP/1.1" 200 52
WARNING 2025-04-29 00:09:31,946 log 16748 132779249497792 Unauthorized: /api/properties/
WARNING 2025-04-29 00:09:31,947 basehttp 16748 132779249497792 "GET /api/properties/? HTTP/1.1" 401 58
INFO 2025-04-29 00:09:33,024 basehttp 16748 132779249497792 "GET /api/auctions/? HTTP/1.1" 200 52
WARNING 2025-04-29 00:09:34,408 log 16748 132779249497792 Unauthorized: /api/properties/
WARNING 2025-04-29 00:09:34,409 basehttp 16748 132779249497792 "GET /api/properties/? HTTP/1.1" 401 58
INFO 2025-04-29 00:11:05,024 basehttp 16748 132779249497792 "GET /api/auctions/? HTTP/1.1" 200 52
INFO 2025-04-29 00:19:53,111 basehttp 16748 132779249497792 "GET /api/auctions/? HTTP/1.1" 200 52
INFO 2025-04-29 00:19:55,952 basehttp 16748 132779249497792 "GET /api/auctions/? HTTP/1.1" 200 52
WARNING 2025-04-29 00:19:58,344 log 16748 132779249497792 Unauthorized: /api/properties/
WARNING 2025-04-29 00:19:58,345 basehttp 16748 132779249497792 "GET /api/properties/? HTTP/1.1" 401 58
INFO 2025-04-29 00:19:58,953 basehttp 16748 132779249497792 "GET /api/auctions/? HTTP/1.1" 200 52
WARNING 2025-04-29 00:19:59,669 log 16748 132779249497792 Unauthorized: /api/properties/
WARNING 2025-04-29 00:19:59,670 basehttp 16748 132779249497792 "GET /api/properties/? HTTP/1.1" 401 58
INFO 2025-04-29 00:20:02,570 basehttp 16748 132779249497792 "GET /api/auctions/? HTTP/1.1" 200 52
INFO 2025-04-29 00:22:38,653 basehttp 16748 132779249497792 "GET /api/auctions/? HTTP/1.1" 200 52
WARNING 2025-04-29 00:22:39,474 log 16748 132779249497792 Unauthorized: /api/properties/
WARNING 2025-04-29 00:22:39,475 basehttp 16748 132779249497792 "GET /api/properties/? HTTP/1.1" 401 58
INFO 2025-04-29 00:22:40,161 basehttp 16748 132779249497792 "GET /api/auctions/? HTTP/1.1" 200 52
INFO 2025-04-29 00:22:40,830 basehttp 16748 132779249497792 "GET /api/auctions/? HTTP/1.1" 200 52
INFO 2025-04-29 00:22:53,156 basehttp 16748 132779249497792 "GET /api/auctions/? HTTP/1.1" 200 52
INFO 2025-04-29 00:26:46,665 basehttp 16748 132779249497792 "GET /api/auctions/? HTTP/1.1" 200 52
INFO 2025-04-29 00:26:50,464 basehttp 16748 132779249497792 "GET /api/auctions/? HTTP/1.1" 200 52
INFO 2025-04-29 00:32:51,540 basehttp 16748 132779249497792 "GET /api/auctions/? HTTP/1.1" 200 52
WARNING 2025-04-29 00:32:52,961 log 16748 132779249497792 Unauthorized: /api/properties/
WARNING 2025-04-29 00:32:52,962 basehttp 16748 132779249497792 "GET /api/properties/? HTTP/1.1" 401 58
INFO 2025-04-29 00:32:53,553 basehttp 16748 132779249497792 "GET /api/auctions/? HTTP/1.1" 200 52
INFO 2025-04-29 00:32:54,486 basehttp 16748 132779249497792 "GET /api/auctions/? HTTP/1.1" 200 52
INFO 2025-04-29 00:34:51,574 basehttp 16748 132779249497792 "GET /api/auctions/? HTTP/1.1" 200 52
WARNING 2025-04-29 00:35:01,804 log 16748 132779249497792 Unauthorized: /api/properties/
WARNING 2025-04-29 00:35:01,804 basehttp 16748 132779249497792 "GET /api/properties/? HTTP/1.1" 401 58
INFO 2025-04-29 00:35:02,899 basehttp 16748 132779249497792 "GET /api/auctions/? HTTP/1.1" 200 52
WARNING 2025-04-29 00:35:03,409 log 16748 132779249497792 Unauthorized: /api/properties/
WARNING 2025-04-29 00:35:03,409 basehttp 16748 132779249497792 "GET /api/properties/? HTTP/1.1" 401 58
INFO 2025-04-29 00:35:04,472 basehttp 16748 132779249497792 "GET /api/auctions/? HTTP/1.1" 200 52
WARNING 2025-04-29 00:35:05,084 log 16748 132779249497792 Unauthorized: /api/properties/
WARNING 2025-04-29 00:35:05,085 basehttp 16748 132779249497792 "GET /api/properties/? HTTP/1.1" 401 58
INFO 2025-04-29 00:35:09,137 basehttp 16748 132779249497792 "GET /api/auctions/? HTTP/1.1" 200 52
INFO 2025-04-29 00:35:43,175 basehttp 16748 132779249497792 "GET /api/auctions/?auction_type=sealed HTTP/1.1" 200 52
INFO 2025-04-29 00:35:44,825 basehttp 16748 132779249497792 "GET /api/auctions/? HTTP/1.1" 200 52
INFO 2025-04-29 00:35:46,075 basehttp 16748 132779249497792 "GET /api/auctions/?status=live HTTP/1.1" 200 52
INFO 2025-04-29 00:35:47,242 basehttp 16748 132779249497792 "GET /api/auctions/?status=ended HTTP/1.1" 200 52
INFO 2025-04-29 00:35:48,345 basehttp 16748 132779249497792 "GET /api/auctions/? HTTP/1.1" 200 52
INFO 2025-04-29 00:35:49,562 basehttp 16748 132779249497792 "GET /api/auctions/?auction_type=sealed HTTP/1.1" 200 52
INFO 2025-04-29 00:37:53,115 basehttp 16748 132779249497792 "GET /api/auctions/? HTTP/1.1" 200 52
WARNING 2025-04-29 00:51:41,499 log 16748 132779249497792 Unauthorized: /api/properties/
WARNING 2025-04-29 00:51:41,500 basehttp 16748 132779249497792 "GET /api/properties/? HTTP/1.1" 401 58
INFO 2025-04-29 00:51:42,609 basehttp 16748 132779249497792 "GET /api/auctions/? HTTP/1.1" 200 52
INFO 2025-04-29 00:56:42,204 basehttp 16748 132779249497792 "GET /api/auctions/? HTTP/1.1" 200 52
WARNING 2025-04-29 01:02:49,964 log 16748 132779249497792 Unauthorized: /api/properties/
WARNING 2025-04-29 01:02:49,965 basehttp 16748 132779249497792 "GET /api/properties/? HTTP/1.1" 401 58
INFO 2025-04-29 01:02:51,222 basehttp 16748 132779249497792 "GET /api/auctions/? HTTP/1.1" 200 52
INFO 2025-05-01 00:00:34,545 autoreload 49702 128209763686208 Watching for file changes with StatReloader
INFO 2025-05-01 00:01:51,804 basehttp 49702 128209684264640 "GET /api/auctions/? HTTP/1.1" 200 52
WARNING 2025-05-01 00:01:57,013 log 49702 128209684264640 Unauthorized: /api/properties/
WARNING 2025-05-01 00:01:57,013 basehttp 49702 128209684264640 "GET /api/properties/? HTTP/1.1" 401 58
INFO 2025-05-01 00:01:58,187 basehttp 49702 128209684264640 "GET /api/auctions/? HTTP/1.1" 200 52
INFO 2025-05-01 00:02:12,173 basehttp 49702 128209684264640 "OPTIONS /api/accounts/login/ HTTP/1.1" 200 0
WARNING 2025-05-01 00:02:12,183 log 49702 128209684264640 Unauthorized: /api/accounts/login/
WARNING 2025-05-01 00:02:12,183 basehttp 49702 128209684264640 "POST /api/accounts/login/ HTTP/1.1" 401 89
WARNING 2025-05-01 00:02:18,414 log 49702 128209684264640 Unauthorized: /api/accounts/login/
WARNING 2025-05-01 00:02:18,415 basehttp 49702 128209684264640 "POST /api/accounts/login/ HTTP/1.1" 401 89
INFO 2025-05-01 00:02:27,465 basehttp 49702 128209605621440 "GET /admin/ HTTP/1.1" 200 11327
INFO 2025-05-01 00:02:27,586 basehttp 49702 128209588836032 "GET /static/admin/js/theme.js HTTP/1.1" 304 0
INFO 2025-05-01 00:02:27,586 basehttp 49702 128209597228736 "GET /static/admin/css/dark_mode.css HTTP/1.1" 304 0
INFO 2025-05-01 00:02:27,586 basehttp 49702 128209605621440 "GET /static/admin/css/base.css HTTP/1.1" 304 0
INFO 2025-05-01 00:02:27,620 basehttp 49702 128209605621440 "GET /static/admin/css/nav_sidebar.css HTTP/1.1" 304 0
INFO 2025-05-01 00:02:27,642 basehttp 49702 128209597228736 "GET /static/admin/css/responsive.css HTTP/1.1" 304 0
INFO 2025-05-01 00:02:27,688 basehttp 49702 128209605621440 "GET /static/admin/js/nav_sidebar.js HTTP/1.1" 304 0
INFO 2025-05-01 00:02:27,706 basehttp 49702 128209597228736 "GET /static/admin/css/dashboard.css HTTP/1.1" 304 0
INFO 2025-05-01 00:02:27,801 basehttp 49702 128209605621440 "GET /static/admin/img/icon-addlink.svg HTTP/1.1" 304 0
INFO 2025-05-01 00:02:27,801 basehttp 49702 128209588836032 "GET /static/admin/img/icon-deletelink.svg HTTP/1.1" 304 0
INFO 2025-05-01 00:02:27,801 basehttp 49702 128209597228736 "GET /static/admin/img/icon-changelink.svg HTTP/1.1" 304 0
INFO 2025-05-01 00:02:30,911 basehttp 49702 128209605621440 "GET /admin/ HTTP/1.1" 200 11327
WARNING 2025-05-01 00:02:31,410 log 49702 128209605621440 Not Found: /favicon.ico
WARNING 2025-05-01 00:02:31,410 basehttp 49702 128209605621440 "GET /favicon.ico HTTP/1.1" 404 2848
INFO 2025-05-01 00:02:34,959 basehttp 49702 128209605621440 "GET /admin/accounts/customuser/ HTTP/1.1" 200 17598
INFO 2025-05-01 00:02:35,116 basehttp 49702 128209588836032 "GET /static/admin/css/changelists.css HTTP/1.1" 304 0
INFO 2025-05-01 00:02:35,155 basehttp 49702 128209597228736 "GET /static/admin/js/jquery.init.js HTTP/1.1" 304 0
INFO 2025-05-01 00:02:35,158 basehttp 49702 128209605621440 "GET /admin/jsi18n/ HTTP/1.1" 200 3342
INFO 2025-05-01 00:02:35,224 basehttp 49702 128209605621440 "GET /static/admin/js/core.js HTTP/1.1" 304 0
INFO 2025-05-01 00:02:35,288 basehttp 49702 128209605621440 "GET /static/admin/js/actions.js HTTP/1.1" 304 0
INFO 2025-05-01 00:02:35,291 basehttp 49702 128209580443328 "GET /static/admin/js/urlify.js HTTP/1.1" 304 0
INFO 2025-05-01 00:02:35,317 basehttp 49702 128209588836032 "GET /static/admin/js/vendor/jquery/jquery.js HTTP/1.1" 304 0
INFO 2025-05-01 00:02:35,317 basehttp 49702 128209597228736 "GET /static/admin/js/admin/RelatedObjectLookups.js HTTP/1.1" 304 0
INFO 2025-05-01 00:02:35,416 basehttp 49702 128209605621440 "GET /static/admin/js/vendor/xregexp/xregexp.js HTTP/1.1" 304 0
INFO 2025-05-01 00:02:35,457 basehttp 49702 128209588836032 "GET /static/admin/js/prepopulate.js HTTP/1.1" 304 0
INFO 2025-05-01 00:02:35,459 basehttp 49702 128209588836032 "GET /static/admin/img/search.svg HTTP/1.1" 304 0
INFO 2025-05-01 00:02:35,498 basehttp 49702 128209605621440 "GET /static/admin/img/icon-yes.svg HTTP/1.1" 304 0
INFO 2025-05-01 00:02:35,531 basehttp 49702 128209588836032 "GET /static/admin/js/filters.js HTTP/1.1" 304 0
INFO 2025-05-01 00:02:35,610 basehttp 49702 128209588836032 "GET /static/admin/img/tooltag-add.svg HTTP/1.1" 304 0
INFO 2025-05-01 00:02:35,614 basehttp 49702 128209605621440 "GET /static/admin/img/sorting-icons.svg HTTP/1.1" 304 0
INFO 2025-05-01 00:02:35,614 basehttp 49702 128209597228736 "GET /static/admin/img/icon-viewlink.svg HTTP/1.1" 304 0
